2023-05-10 13:54:33.952 [background-preinit] INFO  o.h.validator.internal.util.Version - HV000001: Hibernate Validator 6.2.5.Final
2023-05-10 13:54:33.967 [restartedMain] INFO  io.bootify.my_app.MyAppApplication - Starting MyAppApplication using Java 11.0.19 on valyc0-springbootcamelx-b7qomf03r43 with PID 1884 (/workspace/spring-boot-camel-xml-bean-sftp/tmp/spring-boot-camel-xml-bean-sftp/target/classes started by gitpod in /workspace/spring-boot-camel-xml-bean-sftp/tmp/spring-boot-camel-xml-bean-sftp)
2023-05-10 13:54:33.970 [restartedMain] INFO  io.bootify.my_app.MyAppApplication - No active profile set, falling back to 1 default profile: "default"
2023-05-10 13:54:34.054 [restartedMain] INFO  o.s.b.d.restart.ChangeableUrls - The Class-Path manifest attribute in /workspace/m2-repository/com/sun/xml/bind/jaxb-core/2.3.0/jaxb-core-2.3.0.jar referenced one or more files that do not exist: file:/workspace/m2-repository/com/sun/xml/bind/jaxb-core/2.3.0/jaxb-api.jar
2023-05-10 13:54:34.055 [restartedMain] INFO  o.s.b.d.e.DevToolsPropertyDefaultsPostProcessor - Devtools property defaults active! Set 'spring.devtools.add-properties' to 'false' to disable
2023-05-10 13:54:34.056 [restartedMain] INFO  o.s.b.d.e.DevToolsPropertyDefaultsPostProcessor - For additional web related logging consider setting the 'logging.level.web' property to 'DEBUG'
2023-05-10 13:54:34.447 [restartedMain] INFO  o.s.d.r.c.RepositoryConfigurationDelegate - Bootstrapping Spring Data JPA repositories in DEFAULT mode.
2023-05-10 13:54:34.456 [restartedMain] INFO  o.s.d.r.c.RepositoryConfigurationDelegate - Finished Spring Data repository scanning in 3 ms. Found 0 JPA repository interfaces.
2023-05-10 13:54:35.500 [restartedMain] INFO  o.s.b.w.e.tomcat.TomcatWebServer - Tomcat initialized with port(s): 8080 (http)
2023-05-10 13:54:35.507 [restartedMain] INFO  o.a.coyote.http11.Http11NioProtocol - Initializing ProtocolHandler ["http-nio-8080"]
2023-05-10 13:54:35.508 [restartedMain] INFO  o.a.catalina.core.StandardService - Starting service [Tomcat]
2023-05-10 13:54:35.508 [restartedMain] INFO  o.a.catalina.core.StandardEngine - Starting Servlet engine: [Apache Tomcat/9.0.71]
2023-05-10 13:54:35.556 [restartedMain] INFO  o.a.c.c.C.[Tomcat].[localhost].[/] - Initializing Spring embedded WebApplicationContext
2023-05-10 13:54:35.557 [restartedMain] INFO  o.s.b.w.s.c.ServletWebServerApplicationContext - Root WebApplicationContext: initialization completed in 1501 ms
2023-05-10 13:54:35.583 [restartedMain] INFO  com.zaxxer.hikari.HikariDataSource - HikariPool-1 - Starting...
2023-05-10 13:54:35.667 [restartedMain] INFO  com.zaxxer.hikari.HikariDataSource - HikariPool-1 - Start completed.
2023-05-10 13:54:35.677 [restartedMain] INFO  o.s.b.a.h.H2ConsoleAutoConfiguration - H2 console available at '/h2-console'. Database available at 'jdbc:h2:mem:my-app'
2023-05-10 13:54:35.755 [restartedMain] INFO  o.h.jpa.internal.util.LogHelper - HHH000204: Processing PersistenceUnitInfo [name: default]
2023-05-10 13:54:35.787 [restartedMain] INFO  org.hibernate.Version - HHH000412: Hibernate ORM core version 5.6.15.Final
2023-05-10 13:54:35.879 [restartedMain] INFO  o.h.annotations.common.Version - HCANN000001: Hibernate Commons Annotations {5.1.2.Final}
2023-05-10 13:54:35.955 [restartedMain] INFO  org.hibernate.dialect.Dialect - HHH000400: Using dialect: org.hibernate.dialect.H2Dialect
2023-05-10 13:54:36.081 [restartedMain] INFO  o.h.e.t.j.p.i.JtaPlatformInitiator - HHH000490: Using JtaPlatform implementation: [org.hibernate.engine.transaction.jta.platform.internal.NoJtaPlatform]
2023-05-10 13:54:36.088 [restartedMain] INFO  o.s.o.j.LocalContainerEntityManagerFactoryBean - Initialized JPA EntityManagerFactory for persistence unit 'default'
2023-05-10 13:54:36.178 [restartedMain] INFO  o.a.camel.support.LRUCacheFactory - Detected and using LRUCacheFactory: camel-caffeine-lrucache
2023-05-10 13:54:36.572 [restartedMain] INFO  o.s.b.d.a.OptionalLiveReloadServer - LiveReload server is running on port 35729
2023-05-10 13:54:36.603 [restartedMain] INFO  o.a.coyote.http11.Http11NioProtocol - Starting ProtocolHandler ["http-nio-8080"]
2023-05-10 13:54:36.615 [restartedMain] INFO  o.s.b.w.e.tomcat.TomcatWebServer - Tomcat started on port(s): 8080 (http) with context path ''
2023-05-10 13:54:36.619 [restartedMain] INFO  o.a.c.s.b.SpringBootRoutesCollector - Loading additional Camel XML routes from: classpath:camel/*.xml
2023-05-10 13:54:36.619 [restartedMain] INFO  o.a.c.s.b.SpringBootRoutesCollector - Loading additional Camel XML route templates from: classpath:camel-template/*.xml
2023-05-10 13:54:36.620 [restartedMain] INFO  o.a.c.s.b.SpringBootRoutesCollector - Loading additional Camel XML rests from: classpath:camel-rest/*.xml
2023-05-10 13:54:36.675 [restartedMain] WARN  o.a.c.component.file.remote.FtpUtils - SftpComponent doesn't support absolute paths, "/prova1" will be converted to "prova1". After Camel 2.16, absolute paths will be invalid.
2023-05-10 13:54:36.713 [restartedMain] INFO  o.a.c.i.engine.AbstractCamelContext - Apache Camel 3.7.1 (camel) is starting
2023-05-10 13:54:36.714 [restartedMain] INFO  o.a.c.i.engine.AbstractCamelContext - StreamCaching is not in use. If using streams then it's recommended to enable stream caching. See more details at http://camel.apache.org/stream-caching.html
2023-05-10 13:54:36.724 [restartedMain] INFO  o.a.c.s.b.CamelSpringBootApplicationListener - Starting CamelMainRunController to ensure the main thread keeps running
2023-05-10 13:54:39.735 [restartedMain] WARN  o.a.c.c.file.remote.SftpConsumer - Error auto creating directory: prova1 due Cannot connect to sftp://administrator@172.30.51.54:22. This exception is ignored.
org.apache.camel.component.file.GenericFileOperationFailedException: Cannot connect to sftp://administrator@172.30.51.54:22
	at org.apache.camel.component.file.remote.SftpOperations.connect(SftpOperations.java:158)
	at org.apache.camel.component.file.remote.RemoteFileConsumer.connectIfNecessary(RemoteFileConsumer.java:225)
	at org.apache.camel.component.file.remote.SftpConsumer.doStart(SftpConsumer.java:68)
	at org.apache.camel.support.service.BaseService.start(BaseService.java:115)
	at org.apache.camel.impl.engine.AbstractCamelContext.startService(AbstractCamelContext.java:3121)
	at org.apache.camel.impl.engine.InternalRouteStartupManager.doStartOrResumeRouteConsumers(InternalRouteStartupManager.java:362)
	at org.apache.camel.impl.engine.InternalRouteStartupManager.doStartRouteConsumers(InternalRouteStartupManager.java:282)
	at org.apache.camel.impl.engine.InternalRouteStartupManager.safelyStartRouteServices(InternalRouteStartupManager.java:181)
	at org.apache.camel.impl.engine.InternalRouteStartupManager.doStartOrResumeRoutes(InternalRouteStartupManager.java:115)
	at org.apache.camel.impl.engine.AbstractCamelContext.doStartCamel(AbstractCamelContext.java:2902)
	at org.apache.camel.impl.engine.AbstractCamelContext.doStartContext(AbstractCamelContext.java:2715)
	at org.apache.camel.impl.engine.AbstractCamelContext.doStart(AbstractCamelContext.java:2678)
	at org.apache.camel.support.service.BaseService.start(BaseService.java:115)
	at org.apache.camel.impl.engine.AbstractCamelContext.start(AbstractCamelContext.java:2444)
	at org.apache.camel.spring.SpringCamelContext.start(SpringCamelContext.java:130)
	at org.apache.camel.spring.CamelContextFactoryBean.start(CamelContextFactoryBean.java:414)
	at org.apache.camel.spring.CamelContextFactoryBean.onApplicationEvent(CamelContextFactoryBean.java:461)
	at org.apache.camel.spring.CamelContextFactoryBean.onApplicationEvent(CamelContextFactoryBean.java:98)
	at org.springframework.context.event.SimpleApplicationEventMulticaster.doInvokeListener(SimpleApplicationEventMulticaster.java:176)
	at org.springframework.context.event.SimpleApplicationEventMulticaster.invokeListener(SimpleApplicationEventMulticaster.java:169)
	at org.springframework.context.event.SimpleApplicationEventMulticaster.multicastEvent(SimpleApplicationEventMulticaster.java:143)
	at org.springframework.context.support.AbstractApplicationContext.publishEvent(AbstractApplicationContext.java:421)
	at org.springframework.context.support.AbstractApplicationContext.publishEvent(AbstractApplicationContext.java:378)
	at org.springframework.context.support.AbstractApplicationContext.finishRefresh(AbstractApplicationContext.java:938)
	at org.springframework.context.support.AbstractApplicationContext.refresh(AbstractApplicationContext.java:586)
	at org.springframework.boot.web.servlet.context.ServletWebServerApplicationContext.refresh(ServletWebServerApplicationContext.java:147)
	at org.springframework.boot.SpringApplication.refresh(SpringApplication.java:731)
	at org.springframework.boot.SpringApplication.refreshContext(SpringApplication.java:408)
	at org.springframework.boot.SpringApplication.run(SpringApplication.java:307)
	at org.springframework.boot.SpringApplication.run(SpringApplication.java:1303)
	at org.springframework.boot.SpringApplication.run(SpringApplication.java:1292)
	at io.bootify.my_app.MyAppApplication.main(MyAppApplication.java:13)
	at java.base/jdk.internal.reflect.NativeMethodAccessorImpl.invoke0(Native Method)
	at java.base/jdk.internal.reflect.NativeMethodAccessorImpl.invoke(NativeMethodAccessorImpl.java:62)
	at java.base/jdk.internal.reflect.DelegatingMethodAccessorImpl.invoke(DelegatingMethodAccessorImpl.java:43)
	at java.base/java.lang.reflect.Method.invoke(Method.java:566)
	at org.springframework.boot.devtools.restart.RestartLauncher.run(RestartLauncher.java:49)
Caused by: com.jcraft.jsch.JSchException: java.io.FileNotFoundException: C:/tmp/key/bt.rsa (No such file or directory)
	at com.jcraft.jsch.KeyPair.load(KeyPair.java:543)
	at com.jcraft.jsch.IdentityFile.newInstance(IdentityFile.java:40)
	at com.jcraft.jsch.JSch.addIdentity(JSch.java:406)
	at com.jcraft.jsch.JSch.addIdentity(JSch.java:366)
	at org.apache.camel.component.file.remote.SftpOperations.createSession(SftpOperations.java:218)
	at org.apache.camel.component.file.remote.SftpOperations.connect(SftpOperations.java:125)
	... 36 common frames omitted
Caused by: java.io.FileNotFoundException: C:/tmp/key/bt.rsa (No such file or directory)
	at java.base/java.io.FileInputStream.open0(Native Method)
	at java.base/java.io.FileInputStream.open(FileInputStream.java:219)
	at java.base/java.io.FileInputStream.<init>(FileInputStream.java:157)
	at java.base/java.io.FileInputStream.<init>(FileInputStream.java:112)
	at com.jcraft.jsch.Util.fromFile(Util.java:508)
	at com.jcraft.jsch.KeyPair.load(KeyPair.java:540)
	... 41 common frames omitted
2023-05-10 13:54:39.736 [restartedMain] INFO  o.a.c.i.e.InternalRouteStartupManager - Route: route1 started and consuming from: sftp://administrator@172.30.51.54:22//prova1
2023-05-10 13:54:39.739 [restartedMain] INFO  o.a.c.i.engine.AbstractCamelContext - Total 1 routes, of which 1 are started
2023-05-10 13:54:39.739 [restartedMain] INFO  o.a.c.i.engine.AbstractCamelContext - Apache Camel 3.7.1 (camel) started in 3s26ms
2023-05-10 13:54:39.751 [restartedMain] INFO  o.a.c.i.engine.AbstractCamelContext - Apache Camel 3.7.1 (camel) is starting
2023-05-10 13:54:39.751 [restartedMain] INFO  o.a.c.i.engine.AbstractCamelContext - StreamCaching is not in use. If using streams then it's recommended to enable stream caching. See more details at http://camel.apache.org/stream-caching.html
2023-05-10 13:54:39.751 [restartedMain] INFO  o.a.c.i.engine.AbstractCamelContext - Total 0 routes, of which 0 are started
2023-05-10 13:54:39.752 [restartedMain] INFO  o.a.c.i.engine.AbstractCamelContext - Apache Camel 3.7.1 (camel) started in 1ms
2023-05-10 13:54:39.755 [restartedMain] INFO  o.a.c.i.engine.AbstractCamelContext - Apache Camel 3.7.1 (camel) is starting
2023-05-10 13:54:39.756 [restartedMain] INFO  o.a.c.i.engine.AbstractCamelContext - StreamCaching is not in use. If using streams then it's recommended to enable stream caching. See more details at http://camel.apache.org/stream-caching.html
2023-05-10 13:54:39.757 [restartedMain] INFO  o.a.c.i.engine.AbstractCamelContext - Total 0 routes, of which 0 are started
2023-05-10 13:54:39.757 [restartedMain] INFO  o.a.c.i.engine.AbstractCamelContext - Apache Camel 3.7.1 (camel) started in 1ms
2023-05-10 13:54:39.761 [restartedMain] INFO  o.a.c.i.engine.AbstractCamelContext - Apache Camel 3.7.1 (camel) is starting
2023-05-10 13:54:39.761 [restartedMain] INFO  o.a.c.i.engine.AbstractCamelContext - StreamCaching is not in use. If using streams then it's recommended to enable stream caching. See more details at http://camel.apache.org/stream-caching.html
2023-05-10 13:54:39.762 [restartedMain] INFO  o.a.c.i.engine.AbstractCamelContext - Total 0 routes, of which 0 are started
2023-05-10 13:54:39.762 [restartedMain] INFO  o.a.c.i.engine.AbstractCamelContext - Apache Camel 3.7.1 (camel) started in 1ms
2023-05-10 13:54:39.765 [restartedMain] INFO  o.a.c.i.engine.AbstractCamelContext - Apache Camel 3.7.1 (camel) is starting
2023-05-10 13:54:39.766 [restartedMain] INFO  o.a.c.i.engine.AbstractCamelContext - StreamCaching is not in use. If using streams then it's recommended to enable stream caching. See more details at http://camel.apache.org/stream-caching.html
2023-05-10 13:54:39.766 [restartedMain] INFO  o.a.c.i.engine.AbstractCamelContext - Total 0 routes, of which 0 are started
2023-05-10 13:54:39.766 [restartedMain] INFO  o.a.c.i.engine.AbstractCamelContext - Apache Camel 3.7.1 (camel) started in 0ms
2023-05-10 13:54:39.770 [restartedMain] INFO  io.bootify.my_app.MyAppApplication - Started MyAppApplication in 6.139 seconds (JVM running for 6.708)
2023-05-10 13:54:43.737 [Camel (camel) thread #1 - sftp://administrator@172.30.51.54:22//prova1] WARN  o.a.c.c.f.remote.RemoteFileConsumer - Cannot connect/login to: sftp://administrator@172.30.51.54:22. Will skip this poll.
2023-05-10 13:55:21.984 [SpringApplicationShutdownHook] INFO  o.a.c.i.engine.AbstractCamelContext - Apache Camel 3.7.1 (camel) is shutting down
2023-05-10 13:55:21.985 [SpringApplicationShutdownHook] INFO  o.a.c.i.e.DefaultShutdownStrategy - Starting to graceful shutdown 1 routes (timeout 45 seconds)
2023-05-10 13:55:21.999 [Camel (camel) thread #2 - ShutdownTask] INFO  o.a.c.i.e.DefaultShutdownStrategy - Waiting as there are still 1 inflight and pending exchanges to complete, timeout in 45 seconds. Inflights per route: [route1 = 1]
2023-05-10 13:55:23.001 [Camel (camel) thread #2 - ShutdownTask] INFO  o.a.c.i.e.DefaultShutdownStrategy - Route: route1 shutdown complete, was consuming from: sftp://administrator@172.30.51.54:22//prova1
2023-05-10 13:55:23.001 [SpringApplicationShutdownHook] INFO  o.a.c.i.e.DefaultShutdownStrategy - Graceful shutdown of 1 routes completed in 1s16ms
2023-05-10 13:55:23.007 [SpringApplicationShutdownHook] INFO  o.a.c.i.engine.AbstractCamelContext - Apache Camel 3.7.1 (camel) uptime 46s294ms
2023-05-10 13:55:23.007 [SpringApplicationShutdownHook] INFO  o.a.c.i.engine.AbstractCamelContext - Apache Camel 3.7.1 (camel) is shutdown in 1s23ms
2023-05-10 13:55:23.029 [SpringApplicationShutdownHook] INFO  o.s.o.j.LocalContainerEntityManagerFactoryBean - Closing JPA EntityManagerFactory for persistence unit 'default'
2023-05-10 13:55:23.142 [HikariPool-1 connection adder] ERROR com.zaxxer.hikari.pool.HikariPool - HikariPool-1 - Error thrown while acquiring connection from data source
org.h2.jdbc.JdbcSQLNonTransientConnectionException: The database is open in exclusive mode; can not open additional connections [90135-214]
	at org.h2.message.DbException.getJdbcSQLException(DbException.java:678)
	at org.h2.message.DbException.getJdbcSQLException(DbException.java:477)
	at org.h2.message.DbException.get(DbException.java:223)
	at org.h2.message.DbException.get(DbException.java:199)
	at org.h2.message.DbException.get(DbException.java:188)
	at org.h2.engine.SessionLocal.checkSuspended(SessionLocal.java:1240)
	at org.h2.engine.SessionLocal.isOpen(SessionLocal.java:1173)
	at org.h2.engine.SessionLocal.waitIfExclusiveModeEnabled(SessionLocal.java:1486)
	at org.h2.command.Command.executeQuery(Command.java:180)
	at org.h2.jdbc.JdbcConnection.isReadOnly(JdbcConnection.java:538)
	at com.zaxxer.hikari.pool.PoolBase.setupConnection(PoolBase.java:408)
	at com.zaxxer.hikari.pool.PoolBase.newConnection(PoolBase.java:369)
	at com.zaxxer.hikari.pool.PoolBase.newPoolEntry(PoolBase.java:206)
	at com.zaxxer.hikari.pool.HikariPool.createPoolEntry(HikariPool.java:476)
	at com.zaxxer.hikari.pool.HikariPool.access$100(HikariPool.java:71)
	at com.zaxxer.hikari.pool.HikariPool$PoolEntryCreator.call(HikariPool.java:726)
	at com.zaxxer.hikari.pool.HikariPool$PoolEntryCreator.call(HikariPool.java:712)
	at java.base/java.util.concurrent.FutureTask.run(FutureTask.java:264)
	at java.base/java.util.concurrent.ThreadPoolExecutor.runWorker(ThreadPoolExecutor.java:1128)
	at java.base/java.util.concurrent.ThreadPoolExecutor$Worker.run(ThreadPoolExecutor.java:628)
	at java.base/java.lang.Thread.run(Thread.java:829)
2023-05-10 13:55:23.241 [SpringApplicationShutdownHook] WARN  o.s.b.f.s.DisposableBeanAdapter - Invocation of destroy method failed on bean with name 'inMemoryDatabaseShutdownExecutor': org.h2.jdbc.JdbcSQLNonTransientConnectionException: Database is already closed (to disable automatic closing at VM shutdown, add ";DB_CLOSE_ON_EXIT=FALSE" to the db URL) [90121-214]
2023-05-10 13:55:23.242 [SpringApplicationShutdownHook] INFO  com.zaxxer.hikari.HikariDataSource - HikariPool-1 - Shutdown initiated...
2023-05-10 13:55:23.394 [SpringApplicationShutdownHook] INFO  com.zaxxer.hikari.HikariDataSource - HikariPool-1 - Shutdown completed.
2023-05-10 13:55:29.727 [background-preinit] INFO  o.h.validator.internal.util.Version - HV000001: Hibernate Validator 6.2.5.Final
2023-05-10 13:55:29.743 [restartedMain] INFO  io.bootify.my_app.MyAppApplication - Starting MyAppApplication using Java 11.0.19 on valyc0-springbootcamelx-b7qomf03r43 with PID 2115 (/workspace/spring-boot-camel-xml-bean-sftp/tmp/spring-boot-camel-xml-bean-sftp/target/classes started by gitpod in /workspace/spring-boot-camel-xml-bean-sftp/tmp/spring-boot-camel-xml-bean-sftp)
2023-05-10 13:55:29.745 [restartedMain] INFO  io.bootify.my_app.MyAppApplication - No active profile set, falling back to 1 default profile: "default"
2023-05-10 13:55:29.792 [restartedMain] INFO  o.s.b.d.restart.ChangeableUrls - The Class-Path manifest attribute in /workspace/m2-repository/com/sun/xml/bind/jaxb-core/2.3.0/jaxb-core-2.3.0.jar referenced one or more files that do not exist: file:/workspace/m2-repository/com/sun/xml/bind/jaxb-core/2.3.0/jaxb-api.jar
2023-05-10 13:55:29.793 [restartedMain] INFO  o.s.b.d.e.DevToolsPropertyDefaultsPostProcessor - Devtools property defaults active! Set 'spring.devtools.add-properties' to 'false' to disable
2023-05-10 13:55:29.793 [restartedMain] INFO  o.s.b.d.e.DevToolsPropertyDefaultsPostProcessor - For additional web related logging consider setting the 'logging.level.web' property to 'DEBUG'
2023-05-10 13:55:30.127 [restartedMain] INFO  o.s.d.r.c.RepositoryConfigurationDelegate - Bootstrapping Spring Data JPA repositories in DEFAULT mode.
2023-05-10 13:55:30.137 [restartedMain] INFO  o.s.d.r.c.RepositoryConfigurationDelegate - Finished Spring Data repository scanning in 3 ms. Found 0 JPA repository interfaces.
2023-05-10 13:55:31.186 [restartedMain] INFO  o.s.b.w.e.tomcat.TomcatWebServer - Tomcat initialized with port(s): 8080 (http)
2023-05-10 13:55:31.193 [restartedMain] INFO  o.a.coyote.http11.Http11NioProtocol - Initializing ProtocolHandler ["http-nio-8080"]
2023-05-10 13:55:31.193 [restartedMain] INFO  o.a.catalina.core.StandardService - Starting service [Tomcat]
2023-05-10 13:55:31.193 [restartedMain] INFO  o.a.catalina.core.StandardEngine - Starting Servlet engine: [Apache Tomcat/9.0.71]
2023-05-10 13:55:31.242 [restartedMain] INFO  o.a.c.c.C.[Tomcat].[localhost].[/] - Initializing Spring embedded WebApplicationContext
2023-05-10 13:55:31.242 [restartedMain] INFO  o.s.b.w.s.c.ServletWebServerApplicationContext - Root WebApplicationContext: initialization completed in 1448 ms
2023-05-10 13:55:31.268 [restartedMain] INFO  com.zaxxer.hikari.HikariDataSource - HikariPool-1 - Starting...
2023-05-10 13:55:31.343 [restartedMain] INFO  com.zaxxer.hikari.HikariDataSource - HikariPool-1 - Start completed.
2023-05-10 13:55:31.352 [restartedMain] INFO  o.s.b.a.h.H2ConsoleAutoConfiguration - H2 console available at '/h2-console'. Database available at 'jdbc:h2:mem:my-app'
2023-05-10 13:55:31.419 [restartedMain] INFO  o.h.jpa.internal.util.LogHelper - HHH000204: Processing PersistenceUnitInfo [name: default]
2023-05-10 13:55:31.446 [restartedMain] INFO  org.hibernate.Version - HHH000412: Hibernate ORM core version 5.6.15.Final
2023-05-10 13:55:31.537 [restartedMain] INFO  o.h.annotations.common.Version - HCANN000001: Hibernate Commons Annotations {5.1.2.Final}
2023-05-10 13:55:31.604 [restartedMain] INFO  org.hibernate.dialect.Dialect - HHH000400: Using dialect: org.hibernate.dialect.H2Dialect
2023-05-10 13:55:31.731 [restartedMain] INFO  o.h.e.t.j.p.i.JtaPlatformInitiator - HHH000490: Using JtaPlatform implementation: [org.hibernate.engine.transaction.jta.platform.internal.NoJtaPlatform]
2023-05-10 13:55:31.740 [restartedMain] INFO  o.s.o.j.LocalContainerEntityManagerFactoryBean - Initialized JPA EntityManagerFactory for persistence unit 'default'
2023-05-10 13:55:31.830 [restartedMain] INFO  o.a.camel.support.LRUCacheFactory - Detected and using LRUCacheFactory: camel-caffeine-lrucache
2023-05-10 13:55:32.234 [restartedMain] INFO  o.s.b.d.a.OptionalLiveReloadServer - LiveReload server is running on port 35729
2023-05-10 13:55:32.261 [restartedMain] INFO  o.a.coyote.http11.Http11NioProtocol - Starting ProtocolHandler ["http-nio-8080"]
2023-05-10 13:55:32.271 [restartedMain] INFO  o.s.b.w.e.tomcat.TomcatWebServer - Tomcat started on port(s): 8080 (http) with context path ''
2023-05-10 13:55:32.274 [restartedMain] INFO  o.a.c.s.b.SpringBootRoutesCollector - Loading additional Camel XML routes from: classpath:camel/*.xml
2023-05-10 13:55:32.275 [restartedMain] INFO  o.a.c.s.b.SpringBootRoutesCollector - Loading additional Camel XML route templates from: classpath:camel-template/*.xml
2023-05-10 13:55:32.275 [restartedMain] INFO  o.a.c.s.b.SpringBootRoutesCollector - Loading additional Camel XML rests from: classpath:camel-rest/*.xml
2023-05-10 13:55:32.360 [restartedMain] INFO  o.a.c.i.engine.AbstractCamelContext - Apache Camel 3.7.1 (camel) is starting
2023-05-10 13:55:32.361 [restartedMain] INFO  o.a.c.i.engine.AbstractCamelContext - StreamCaching is not in use. If using streams then it's recommended to enable stream caching. See more details at http://camel.apache.org/stream-caching.html
2023-05-10 13:55:32.362 [restartedMain] INFO  o.a.c.s.b.CamelSpringBootApplicationListener - Starting CamelMainRunController to ensure the main thread keeps running
2023-05-10 13:55:32.363 [restartedMain] INFO  o.a.c.i.e.InternalRouteStartupManager - Route: route1 started and consuming from: timer://foo
2023-05-10 13:55:32.367 [restartedMain] INFO  o.a.c.i.engine.AbstractCamelContext - Total 1 routes, of which 1 are started
2023-05-10 13:55:32.367 [restartedMain] INFO  o.a.c.i.engine.AbstractCamelContext - Apache Camel 3.7.1 (camel) started in 7ms
2023-05-10 13:55:32.377 [restartedMain] INFO  o.a.c.i.engine.AbstractCamelContext - Apache Camel 3.7.1 (camel) is starting
2023-05-10 13:55:32.377 [restartedMain] INFO  o.a.c.i.engine.AbstractCamelContext - StreamCaching is not in use. If using streams then it's recommended to enable stream caching. See more details at http://camel.apache.org/stream-caching.html
2023-05-10 13:55:32.377 [restartedMain] INFO  o.a.c.i.engine.AbstractCamelContext - Total 0 routes, of which 0 are started
2023-05-10 13:55:32.378 [restartedMain] INFO  o.a.c.i.engine.AbstractCamelContext - Apache Camel 3.7.1 (camel) started in 1ms
2023-05-10 13:55:32.381 [restartedMain] INFO  o.a.c.i.engine.AbstractCamelContext - Apache Camel 3.7.1 (camel) is starting
2023-05-10 13:55:32.382 [restartedMain] INFO  o.a.c.i.engine.AbstractCamelContext - StreamCaching is not in use. If using streams then it's recommended to enable stream caching. See more details at http://camel.apache.org/stream-caching.html
2023-05-10 13:55:32.382 [restartedMain] INFO  o.a.c.i.engine.AbstractCamelContext - Total 0 routes, of which 0 are started
2023-05-10 13:55:32.382 [restartedMain] INFO  o.a.c.i.engine.AbstractCamelContext - Apache Camel 3.7.1 (camel) started in 0ms
2023-05-10 13:55:32.385 [restartedMain] INFO  o.a.c.i.engine.AbstractCamelContext - Apache Camel 3.7.1 (camel) is starting
2023-05-10 13:55:32.385 [restartedMain] INFO  o.a.c.i.engine.AbstractCamelContext - StreamCaching is not in use. If using streams then it's recommended to enable stream caching. See more details at http://camel.apache.org/stream-caching.html
2023-05-10 13:55:32.386 [restartedMain] INFO  o.a.c.i.engine.AbstractCamelContext - Total 0 routes, of which 0 are started
2023-05-10 13:55:32.386 [restartedMain] INFO  o.a.c.i.engine.AbstractCamelContext - Apache Camel 3.7.1 (camel) started in 1ms
2023-05-10 13:55:32.389 [restartedMain] INFO  o.a.c.i.engine.AbstractCamelContext - Apache Camel 3.7.1 (camel) is starting
2023-05-10 13:55:32.389 [restartedMain] INFO  o.a.c.i.engine.AbstractCamelContext - StreamCaching is not in use. If using streams then it's recommended to enable stream caching. See more details at http://camel.apache.org/stream-caching.html
2023-05-10 13:55:32.390 [restartedMain] INFO  o.a.c.i.engine.AbstractCamelContext - Total 0 routes, of which 0 are started
2023-05-10 13:55:32.390 [restartedMain] INFO  o.a.c.i.engine.AbstractCamelContext - Apache Camel 3.7.1 (camel) started in 1ms
2023-05-10 13:55:32.393 [restartedMain] INFO  io.bootify.my_app.MyAppApplication - Started MyAppApplication in 2.997 seconds (JVM running for 3.487)
2023-05-10 13:55:33.372 [Camel (camel) thread #1 - timer://foo] INFO  route1 - >>> Hello World
2023-05-10 13:55:34.366 [Camel (camel) thread #1 - timer://foo] INFO  route1 - >>> Hello World
2023-05-10 13:55:35.365 [Camel (camel) thread #1 - timer://foo] INFO  route1 - >>> Hello World
2023-05-10 13:55:36.366 [Camel (camel) thread #1 - timer://foo] INFO  route1 - >>> Hello World
2023-05-10 13:55:37.366 [Camel (camel) thread #1 - timer://foo] INFO  route1 - >>> Hello World
2023-05-10 13:55:38.366 [Camel (camel) thread #1 - timer://foo] INFO  route1 - >>> Hello World
2023-05-10 13:55:38.640 [SpringApplicationShutdownHook] INFO  o.a.c.i.engine.AbstractCamelContext - Apache Camel 3.7.1 (camel) is shutting down
2023-05-10 13:55:38.641 [SpringApplicationShutdownHook] INFO  o.a.c.i.e.DefaultShutdownStrategy - Starting to graceful shutdown 1 routes (timeout 45 seconds)
2023-05-10 13:55:38.645 [Camel (camel) thread #2 - ShutdownTask] INFO  o.a.c.i.e.DefaultShutdownStrategy - Route: route1 shutdown complete, was consuming from: timer://foo
2023-05-10 13:55:38.645 [SpringApplicationShutdownHook] INFO  o.a.c.i.e.DefaultShutdownStrategy - Graceful shutdown of 1 routes completed in 4ms
2023-05-10 13:55:38.650 [SpringApplicationShutdownHook] INFO  o.a.c.i.engine.AbstractCamelContext - Apache Camel 3.7.1 (camel) uptime 6s290ms
2023-05-10 13:55:38.650 [SpringApplicationShutdownHook] INFO  o.a.c.i.engine.AbstractCamelContext - Apache Camel 3.7.1 (camel) is shutdown in 10ms
2023-05-10 13:55:38.673 [SpringApplicationShutdownHook] INFO  o.s.o.j.LocalContainerEntityManagerFactoryBean - Closing JPA EntityManagerFactory for persistence unit 'default'
2023-05-10 13:55:39.044 [SpringApplicationShutdownHook] WARN  o.s.b.f.s.DisposableBeanAdapter - Invocation of destroy method failed on bean with name 'inMemoryDatabaseShutdownExecutor': org.h2.jdbc.JdbcSQLNonTransientConnectionException: Database is already closed (to disable automatic closing at VM shutdown, add ";DB_CLOSE_ON_EXIT=FALSE" to the db URL) [90121-214]
2023-05-10 13:55:39.045 [SpringApplicationShutdownHook] INFO  com.zaxxer.hikari.HikariDataSource - HikariPool-1 - Shutdown initiated...
2023-05-10 13:55:39.095 [SpringApplicationShutdownHook] INFO  com.zaxxer.hikari.HikariDataSource - HikariPool-1 - Shutdown completed.
